[0m19:57:53.654975 [debug] [MainThread]: Sending event: {'category': 'dbt', 'action': 'invocation', 'label': 'start', 'context': [<snowplow_tracker.self_describing_json.SelfDescribingJson object at 0x000001813F0F4320>, <snowplow_tracker.self_describing_json.SelfDescribingJson object at 0x00000181415DB0E0>, <snowplow_tracker.self_describing_json.SelfDescribingJson object at 0x00000181415DB170>]}


============================== 19:57:53.660285 | 784ff820-e013-4c98-9fdb-f009735e8c4f ==============================
[0m19:57:53.660285 [info ] [MainThread]: Running with dbt=1.12.0-b3
[0m19:57:53.660285 [debug] [MainThread]: running dbt with arguments {'maximum_seed_size_mib': '1', 'no_print': 'None', 'version_check': 'True', 'warn_error_options': 'WarnErrorOptionsV2(error=[], warn=[], silence=[])', 'target_path': 'None', 'static_parser': 'True', 'printer_width': '80', 'write_json': 'True', 'empty': 'None', 'log_cache_events': 'False', 'introspect': 'True', 'cache_selected_only': 'False', 'log_format': 'default', 'debug': 'False', 'fail_fast': 'False', 'profiles_dir': 'C:\\Users\\SOFIA\\.dbt', 'send_anonymous_usage_stats': 'True', 'quiet': 'False', 'warn_error': 'None', 'partial_parse': 'True', 'invocation_command': 'dbt init', 'indirect_selection': 'eager', 'use_colors': 'True', 'use_experimental_parser': 'False', 'log_path': 'logs'}
[0m20:10:03.872483 [debug] [MainThread]: Starter project path: C:\Users\SOFIA\AppData\Local\Programs\Python\Python312\Lib\site-packages\dbt\include\starter_project
[0m20:10:03.906647 [info ] [MainThread]: Setting up your profile.
[0m20:11:57.206383 [info ] [MainThread]: Profile bookstore_dbt written to C:\Users\SOFIA\.dbt\profiles.yml using target's profile_template.yml and your supplied values.
[0m20:11:57.273064 [info ] [MainThread]: Running dbt debug to validate the project...
[0m20:11:57.281976 [info ] [MainThread]: dbt version: 1.12.0-b3
[0m20:11:57.281976 [info ] [MainThread]: python version: 3.12.10
[0m20:11:57.286839 [info ] [MainThread]: python path: C:\Users\SOFIA\AppData\Local\Programs\Python\Python312\python.exe
[0m20:11:57.287779 [info ] [MainThread]: os info: Windows-11-10.0.26200-SP0
[0m20:11:57.408008 [info ] [MainThread]: Using profiles dir at C:\Users\SOFIA\.dbt
[0m20:11:57.408008 [info ] [MainThread]: Using profiles.yml file at C:\Users\SOFIA\.dbt\profiles.yml
[0m20:11:57.408008 [info ] [MainThread]: Using dbt_project.yml file at C:\Users\SOFIA\dltLab\bookstore_dbt\dbt_project.yml
[0m20:11:57.408008 [info ] [MainThread]: adapter type: postgres
[0m20:11:57.416810 [info ] [MainThread]: adapter version: 1.10.2
[0m20:11:57.638313 [info ] [MainThread]: Configuration:
[0m20:11:57.638313 [info ] [MainThread]:   profiles.yml file [[32mOK found and valid[0m]
[0m20:11:57.638313 [info ] [MainThread]:   dbt_project.yml file [[32mOK found and valid[0m]
[0m20:11:57.638313 [info ] [MainThread]: Required dependencies:
[0m20:11:57.638313 [debug] [MainThread]: Executing "git --help"
[0m20:11:57.701624 [debug] [MainThread]: STDOUT: "b"usage: git [-v | --version] [-h | --help] [-C <path>] [-c <name>=<value>]\n           [--exec-path[=<path>]] [--html-path] [--man-path] [--info-path]\n           [-p | --paginate | -P | --no-pager] [--no-replace-objects] [--no-lazy-fetch]\n           [--no-optional-locks] [--no-advice] [--bare] [--git-dir=<path>]\n           [--work-tree=<path>] [--namespace=<name>] [--config-env=<name>=<envvar>]\n           <command> [<args>]\n\nThese are common Git commands used in various situations:\n\nstart a working area (see also: git help tutorial)\n   clone      Clone a repository into a new directory\n   init       Create an empty Git repository or reinitialize an existing one\n\nwork on the current change (see also: git help everyday)\n   add        Add file contents to the index\n   mv         Move or rename a file, a directory, or a symlink\n   restore    Restore working tree files\n   rm         Remove files from the working tree and from the index\n\nexamine the history and state (see also: git help revisions)\n   bisect     Use binary search to find the commit that introduced a bug\n   diff       Show changes between commits, commit and working tree, etc\n   grep       Print lines matching a pattern\n   log        Show commit logs\n   show       Show various types of objects\n   status     Show the working tree status\n\ngrow, mark and tweak your common history\n   backfill   Download missing objects in a partial clone\n   branch     List, create, or delete branches\n   commit     Record changes to the repository\n   history    EXPERIMENTAL: Rewrite history\n   merge      Join two or more development histories together\n   rebase     Reapply commits on top of another base tip\n   reset      Set `HEAD` or the index to a known state\n   switch     Switch branches\n   tag        Create, list, delete or verify tags\n\ncollaborate (see also: git help workflows)\n   fetch      Download objects and refs from another repository\n   pull       Fetch from and integrate with another repository or a local branch\n   push       Update remote refs along with associated objects\n\n'git help -a' and 'git help -g' list available subcommands and some\nconcept guides. See 'git help <command>' or 'git help <concept>'\nto read about a specific subcommand or concept.\nSee 'git help git' for an overview of the system.\n""
[0m20:11:57.714034 [debug] [MainThread]: STDERR: "b''"
[0m20:11:57.714034 [info ] [MainThread]:  - git [[32mOK found[0m]

[0m20:11:57.714034 [info ] [MainThread]: Connection:
[0m20:11:57.714034 [info ] [MainThread]:   host: localhost
[0m20:11:57.714034 [info ] [MainThread]:   port: 5434
[0m20:11:57.714034 [info ] [MainThread]:   user: itc6050
[0m20:11:57.714034 [info ] [MainThread]:   database: itc6050
[0m20:11:57.714034 [info ] [MainThread]:   schema: dbt_dev_sofiatr
[0m20:11:57.714034 [info ] [MainThread]:   connect_timeout: 10
[0m20:11:57.714034 [info ] [MainThread]:   role: None
[0m20:11:57.714034 [info ] [MainThread]:   search_path: None
[0m20:11:57.714034 [info ] [MainThread]:   keepalives_idle: 0
[0m20:11:57.714034 [info ] [MainThread]:   sslmode: None
[0m20:11:57.714034 [info ] [MainThread]:   sslcert: None
[0m20:11:57.714034 [info ] [MainThread]:   sslkey: None
[0m20:11:57.714034 [info ] [MainThread]:   sslrootcert: None
[0m20:11:57.714034 [info ] [MainThread]:   application_name: dbt
[0m20:11:57.714034 [info ] [MainThread]:   retries: 1
[0m20:11:57.714034 [info ] [MainThread]: Registered adapter: postgres=1.10.2
[0m20:11:58.340480 [debug] [MainThread]: Acquiring new postgres connection 'debug'
[0m20:11:58.548207 [debug] [MainThread]: Using postgres connection "debug"
[0m20:11:58.548207 [debug] [MainThread]: On debug: select 1 as id
[0m20:11:58.548207 [debug] [MainThread]: Opening a new connection, currently in state init
[0m20:11:58.740496 [debug] [MainThread]: SQL status: SELECT 1 in 0.192 seconds
[0m20:11:58.748387 [debug] [MainThread]: On debug: Close
[0m20:11:58.748387 [info ] [MainThread]:   Connection test: [[32mOK connection ok[0m]

[0m20:11:58.748387 [info ] [MainThread]: [32mAll checks passed![0m
[0m20:11:58.748387 [info ] [MainThread]: Your new dbt project "bookstore_dbt" was created!
Initialized new project in C:\Users\SOFIA\dltLab\bookstore_dbt\bookstore_dbt

For more information on how to configure the profiles.yml file,
please consult the dbt documentation here:

  https://docs.getdbt.com/docs/configure-your-profile

One more thing:

Need help? Don't hesitate to reach out to us via GitHub issues or on Slack:

  https://community.getdbt.com/

Happy modeling!

[0m20:11:58.760562 [debug] [MainThread]: Command `dbt init` succeeded at 20:11:58.759045 after 845.35 seconds
[0m20:11:58.761563 [debug] [MainThread]: Connection 'debug' was properly closed.
[0m20:11:58.765822 [debug] [MainThread]: Sending event: {'category': 'dbt', 'action': 'invocation', 'label': 'end', 'context': [<snowplow_tracker.self_describing_json.SelfDescribingJson object at 0x00000181418BF440>, <snowplow_tracker.self_describing_json.SelfDescribingJson object at 0x00000181418E2600>, <snowplow_tracker.self_describing_json.SelfDescribingJson object at 0x00000181415DB0E0>]}
[0m20:11:58.768705 [debug] [MainThread]: Flushing usage events
[0m20:11:59.681362 [debug] [MainThread]: An error was encountered while trying to flush usage events
[0m07:57:15.363485 [debug] [MainThread]: Sending event: {'category': 'dbt', 'action': 'invocation', 'label': 'start', 'context': [<snowplow_tracker.self_describing_json.SelfDescribingJson object at 0x0000026CBD715AC0>, <snowplow_tracker.self_describing_json.SelfDescribingJson object at 0x0000026CBA8A57F0>, <snowplow_tracker.self_describing_json.SelfDescribingJson object at 0x0000026CBB1F9940>]}


============================== 07:57:15.379693 | f10d4cd8-f918-42b3-b5d9-334dd195ec62 ==============================
[0m07:57:15.379693 [info ] [MainThread]: Running with dbt=1.12.0-b3
[0m07:57:15.380696 [debug] [MainThread]: running dbt with arguments {'maximum_seed_size_mib': '1', 'no_print': 'None', 'static_parser': 'True', 'target_path': 'None', 'warn_error_options': 'WarnErrorOptionsV2(error=[], warn=[], silence=[])', 'version_check': 'True', 'printer_width': '80', 'write_json': 'True', 'introspect': 'True', 'log_cache_events': 'False', 'empty': 'None', 'cache_selected_only': 'False', 'fail_fast': 'False', 'debug': 'False', 'log_format': 'default', 'partial_parse': 'True', 'send_anonymous_usage_stats': 'True', 'quiet': 'False', 'warn_error': 'None', 'profiles_dir': 'C:\\Users\\SOFIA\\.dbt', 'indirect_selection': 'eager', 'invocation_command': 'dbt test', 'use_colors': 'True', 'use_experimental_parser': 'False', 'log_path': 'logs'}
[0m07:57:15.381694 [error] [MainThread]: [[31mERROR[0m]: Encountered an error:
Runtime Error
  No dbt_project.yml found at expected path C:\Users\SOFIA\dltLab\dbt_project.yml
  Verify that each entry within packages.yml (and their transitive dependencies) contains a file named dbt_project.yml
  
[0m07:57:15.381694 [debug] [MainThread]: Command `dbt test` failed at 07:57:15.381694 after 0.90 seconds
[0m07:57:15.382695 [debug] [MainThread]: Sending event: {'category': 'dbt', 'action': 'invocation', 'label': 'end', 'context': [<snowplow_tracker.self_describing_json.SelfDescribingJson object at 0x0000026CBFDC99D0>, <snowplow_tracker.self_describing_json.SelfDescribingJson object at 0x0000026CBFDCB8F0>, <snowplow_tracker.self_describing_json.SelfDescribingJson object at 0x0000026CBA8A57F0>]}
[0m07:57:15.382695 [debug] [MainThread]: Flushing usage events
[0m07:57:16.243142 [debug] [MainThread]: An error was encountered while trying to flush usage events
